100 imcs 2.5
me hyphen 1brother
201 hello hyphen
accept 17758 B
106 B 5:00 5:00 game starts


1 B
kqbnr
ppppp
.....
..N..
PPPPP
R.BQK

? 05:00.000 05:00.000
d6-e4


2 B
kqb.r
ppppp
....N
.....
PPPPP
R.BQK

? 04:54.978 04:59.544
d5-e4


3 B
kqb.r
ppp.p
....p
...P.
PPP.P
R.BQK

? 04:49.977 04:59.218
e4-d3


4 B
kqb.r
ppp.p
.....
...P.
PP..P
R.BQK

? 04:44.976 04:58.608
c6-d6


5 B
kq.br
ppp.p
.....
...P.
PPQ.P
R.B.K

? 04:39.937 04:57.033
b6-c6


6 B
k.qbr
ppp.p
.....
...P.
PPQKP
R.B..

? 04:34.877 04:54.593
a6-b6


7 B
.kqbr
ppp.p
.....
...P.
PPQKP
RB...

? 04:29.849 04:52.020
b6-a6


8 B
k.qbr
ppp.p
.....
..KP.
PPQ.P
RB...

? 04:24.845 04:49.260
a6-b6


9 B
.kqbr
ppp.p
.....
..KP.
PPQ.P
R.B..

? 04:19.833 04:48.190
b6-a6


10 B
k.qbr
ppp.p
.....
..KPB
PPQ.P
R....

? 04:14.830 04:46.388
a6-b6


11 B
.kqbr
ppp.p
.....
..KPB
PPQ.P
....R

? 04:09.829 04:44.858
b6-a6


12 B
k.qbr
ppp.p
.....
..KPB
PPQ.P
R....

? 04:04.814 04:43.096
a6-b6


13 B
.kqbr
ppp.p
.....
..KPB
PPQ.P
.R...

? 03:59.814 04:41.605
b6-a6


14 B
k.qbr
ppp.p
.....
..KPB
PPQ.P
R....

? 03:54.813 04:39.580
a6-b6


15 B
.kqbr
ppp.p
.....
..KPB
PPQ.P
....R

? 03:49.813 04:38.062
b6-a6


16 B
k.qbr
ppp.p
.....
..KPB
PPQ.P
R....

? 03:44.813 04:36.228
a6-b6


17 B
.kqbr
ppp.p
.....
..KPB
PPQ.P
...R.

? 03:39.812 04:34.423
b6-a6


18 B
k.qbr
ppp.p
.....
..KPB
PPQ.P
.R...

? 03:34.641 04:32.781
a6-b6


19 B
.kqbr
ppp.p
.....
..KPB
PPQ.P
...R.

? 03:29.641 04:31.400
b6-a6


20 B
k.qbr
ppp.p
.....
..KPB
PPQ.P
R....

? 03:24.640 04:29.629
a6-b6


21 B
.kqbr
ppp.p
.....
..KPB
PPQ.P
...R.

? 03:17.568 04:27.766
b6-a6


22 B
k.qbr
ppp.p
.....
..KPB
PPQ.P
.R...

? 03:07.638 04:25.945
e5-e4


23 B
k.qbr
ppp..
....P
..K.B
PPQ.P
.R...

? 02:57.637 04:23.011
e6-e4


24 B
k.qb.
ppp..
....r
..KB.
PPQ.P
.R...

? 02:47.088 04:16.395
c5-c4


25 B
k.qb.
pp...
..p.r
...B.
PPQKP
.R...

? 02:37.073 04:12.817
c6-d5


26 B
k..b.
pp.q.
..p.r
...B.
PPQKP
...R.

? 02:27.064 04:09.052
c4-d3


27 B
k..b.
pp.q.
....r
...P.
PPQK.
...R.

? 02:16.116 04:07.298
e4-c4


28 B
k..b.
pp.q.
..r..
...P.
PPQK.
R....

? 02:06.114 04:05.465
d5-d4


29 B
k..b.
pp...
..Qq.
...P.
PP.K.
R....

? 01:56.111 04:02.865
b5-c4


30 B
k..b.
p....
..pq.
...P.
PP.K.
..R..

? 01:46.110 04:02.141
d4-d3


31 B
k..b.
p....
..p..
...q.
PP...
..R.K

? 01:35.980 04:01.947
d6-b4


32 B
k....
p....
.bR..
...q.
PP...
....K

? 01:31.212 04:01.945
b4-e1
= B wins
